{
  "numFailedTestSuites": 2,
  "numFailedTests": 2,
  "numPassedTestSuites": 15,
  "numPassedTests": 178,
  "numPendingTestSuites": 0,
  "numPendingTests": 0,
  "numRuntimeErrorTestSuites": 0,
  "numTodoTests": 0,
  "numTotalTestSuites": 17,
  "numTotalTests": 180,
  "openHandles": [],
  "snapshot": {
    "added": 0,
    "didUpdate": false,
    "failure": false,
    "filesAdded": 0,
    "filesRemoved": 0,
    "filesRemovedList": [],
    "filesUnmatched": 0,
    "filesUpdated": 0,
    "matched": 0,
    "total": 0,
    "unchecked": 0,
    "uncheckedKeysByFile": [],
    "unmatched": 0,
    "updated": 0
  },
  "startTime": 1780778305741,
  "success": false,
  "testResults": [
    {
      "assertionResults": [
        {
          "ancestorTitles": ["cartStore"],
          "duration": 1,
          "failureDetails": [],
          "failureMessages": [],
          "fullName": "cartStore returns defaultSession on getOrCreateSession when not initialized",
          "invocations": 1,
          "location": null,
          "numPassingAsserts": 1,
          "retryReasons": [],
          "status": "passed",
          "title": "returns defaultSession on getOrCreateSession when not initialized"
        },
        {
          "ancestorTitles": ["cartStore"],
          "duration": 1,
          "failureDetails": [],
          "failureMessages": [],
          "fullName": "cartStore updates session fields using partial updates",
          "invocations": 1,
          "location": null,
          "numPassingAsserts": 2,
          "retryReasons": [],
          "status": "passed",
          "title": "updates session fields using partial updates"
        },
        {
          "ancestorTitles": ["cartStore"],
          "duration": 0,
          "failureDetails": [],
          "failureMessages": [],
          "fullName": "cartStore updates session using callback functions",
          "invocations": 1,
          "location": null,
          "numPassingAsserts": 1,
          "retryReasons": [],
          "status": "passed",
          "title": "updates session using callback functions"
        },
        {
          "ancestorTitles": ["cartStore"],
          "duration": 0,
          "failureDetails": [],
          "failureMessages": [],
          "fullName": "cartStore clears session from store successfully",
          "invocations": 1,
          "location": null,
          "numPassingAsserts": 1,
          "retryReasons": [],
          "status": "passed",
          "title": "clears session from store successfully"
        },
        {
          "ancestorTitles": ["cartStore"],
          "duration": 1,
          "failureDetails": [],
          "failureMessages": [],
          "fullName": "cartStore saves application recovery state successfully",
          "invocations": 1,
          "location": null,
          "numPassingAsserts": 2,
          "retryReasons": [],
          "status": "passed",
          "title": "saves application recovery state successfully"
        },
        {
          "ancestorTitles": ["cartStore"],
          "duration": 0,
          "failureDetails": [],
          "failureMessages": [],
          "fullName": "cartStore updates activeTabId and saves to state recovery on setActiveTabId",
          "invocations": 1,
          "location": null,
          "numPassingAsserts": 4,
          "retryReasons": [],
          "status": "passed",
          "title": "updates activeTabId and saves to state recovery on setActiveTabId"
        },
        {
          "ancestorTitles": ["cartStore"],
          "duration": 1,
          "failureDetails": [],
          "failureMessages": [],
          "fullName": "cartStore instantiates default recoveryState when loadState returns null",
          "invocations": 1,
          "location": null,
          "numPassingAsserts": 2,
          "retryReasons": [],
          "status": "passed",
          "title": "instantiates default recoveryState when loadState returns null"
        },
        {
          "ancestorTitles": ["cartStore"],
          "duration": 1,
          "failureDetails": [
            {
              "matcherResult": {
                "actual": null,
                "expected": "shop-recovered",
                "message": "expect(received).toBe(expected) // Object.is equality\n\nExpected: \"shop-recovered\"\nReceived: null",
                "name": "toBe",
                "pass": false
              }
            }
          ],
          "failureMessages": [
            "Error: expect(received).toBe(expected) // Object.is equality\n\nExpected: \"shop-recovered\"\nReceived: null\n    at toBe (/Users/justin.zhang/Desktop/burma/burma-inventory/mobile-web/src/core/store/cartStore.spec.ts:116:53)\n    at Runtime.isolateModules (/Users/justin.zhang/Desktop/burma/burma-inventory/node_modules/jest-runtime/build/index.js:1082:7)\n    at Object.isolateModules (/Users/justin.zhang/Desktop/burma/burma-inventory/node_modules/jest-runtime/build/index.js:1992:12)\n    at Object.isolateModules (/Users/justin.zhang/Desktop/burma/burma-inventory/mobile-web/src/core/store/cartStore.spec.ts:114:10)\n    at Promise.then.completed (/Users/justin.zhang/Desktop/burma/burma-inventory/node_modules/@jest/core/node_modules/jest-circus/build/utils.js:298:28)\n    at new Promise (<anonymous>)\n    at callAsyncCircusFn (/Users/justin.zhang/Desktop/burma/burma-inventory/node_modules/@jest/core/node_modules/jest-circus/build/utils.js:231:10)\n    at _callCircusTest (/Users/justin.zhang/Desktop/burma/burma-inventory/node_modules/@jest/core/node_modules/jest-circus/build/run.js:316:40)\n    at _runTest (/Users/justin.zhang/Desktop/burma/burma-inventory/node_modules/@jest/core/node_modules/jest-circus/build/run.js:252:3)\n    at _runTestsForDescribeBlock (/Users/justin.zhang/Desktop/burma/burma-inventory/node_modules/@jest/core/node_modules/jest-circus/build/run.js:126:9)\n    at _runTestsForDescribeBlock (/Users/justin.zhang/Desktop/burma/burma-inventory/node_modules/@jest/core/node_modules/jest-circus/build/run.js:121:9)\n    at run (/Users/justin.zhang/Desktop/burma/burma-inventory/node_modules/@jest/core/node_modules/jest-circus/build/run.js:71:3)\n    at runAndTransformResultsToJestFormat (/Users/justin.zhang/Desktop/burma/burma-inventory/node_modules/@jest/core/node_modules/jest-circus/build/legacy-code-todo-rewrite/jestAdapterInit.js:122:21)\n    at jestAdapter (/Users/justin.zhang/Desktop/burma/burma-inventory/node_modules/@jest/core/node_modules/jest-circus/build/legacy-code-todo-rewrite/jestAdapter.js:79:19)\n    at runTestInternal (/Users/justin.zhang/Desktop/burma/burma-inventory/node_modules/jest-runner/build/runTest.js:367:16)\n    at runTest (/Users/justin.zhang/Desktop/burma/burma-inventory/node_modules/jest-runner/build/runTest.js:444:34)"
          ],
          "fullName": "cartStore loads activeTabId from recoveryState when loadState returns non-null with activeTabId",
          "invocations": 1,
          "location": null,
          "numPassingAsserts": 0,
          "retryReasons": [],
          "status": "failed",
          "title": "loads activeTabId from recoveryState when loadState returns non-null with activeTabId"
        },
        {
          "ancestorTitles": ["cartStore"],
          "duration": 0,
          "failureDetails": [],
          "failureMessages": [],
          "fullName": "cartStore handles empty recoveryState when setting recovery state or active tab id",
          "invocations": 1,
          "location": null,
          "numPassingAsserts": 2,
          "retryReasons": [],
          "status": "passed",
          "title": "handles empty recoveryState when setting recovery state or active tab id"
        }
      ],
      "endTime": 1780778305959,
      "message": "  ● cartStore › loads activeTabId from recoveryState when loadState returns non-null with activeTabId\n\n    expect(received).toBe(expected) // Object.is equality\n\n    Expected: \"shop-recovered\"\n    Received: null\n\n      114 |     jest.isolateModules(() => {\n      115 |       const { useCartStore: freshCartStore } = (require as any)('./cartStore');\n    > 116 |       expect(freshCartStore.getState().activeTabId).toBe('shop-recovered');\n          |                                                     ^\n      117 |     });\n      118 |   });\n      119 |\n\n      at toBe (src/core/store/cartStore.spec.ts:116:53)\n      at Object.isolateModules (src/core/store/cartStore.spec.ts:114:10)\n",
      "name": "/Users/justin.zhang/Desktop/burma/burma-inventory/mobile-web/src/core/store/cartStore.spec.ts",
      "startTime": 1780778305765,
      "status": "failed",
      "summary": ""
    },
    {
      "assertionResults": [
        {
          "ancestorTitles": ["ThermalGuard"],
          "duration": 1,
          "failureDetails": [],
          "failureMessages": [],
          "fullName": "ThermalGuard returns NOMINAL as the initial thermal state",
          "invocations": 1,
          "location": null,
          "numPassingAsserts": 1,
          "retryReasons": [],
          "status": "passed",
          "title": "returns NOMINAL as the initial thermal state"
        },
        {
          "ancestorTitles": ["ThermalGuard"],
          "duration": 0,
          "failureDetails": [],
          "failureMessages": [],
          "fullName": "ThermalGuard updates the thermal state and persists it via thermalStorage",
          "invocations": 1,
          "location": null,
          "numPassingAsserts": 2,
          "retryReasons": [],
          "status": "passed",
          "title": "updates the thermal state and persists it via thermalStorage"
        },
        {
          "ancestorTitles": ["ThermalGuard"],
          "duration": 0,
          "failureDetails": [],
          "failureMessages": [],
          "fullName": "ThermalGuard does not notify subscribers or persist when setting the same state",
          "invocations": 1,
          "location": null,
          "numPassingAsserts": 2,
          "retryReasons": [],
          "status": "passed",
          "title": "does not notify subscribers or persist when setting the same state"
        },
        {
          "ancestorTitles": ["ThermalGuard"],
          "duration": 0,
          "failureDetails": [],
          "failureMessages": [],
          "fullName": "ThermalGuard notifies subscribers immediately upon subscription with current state",
          "invocations": 1,
          "location": null,
          "numPassingAsserts": 2,
          "retryReasons": [],
          "status": "passed",
          "title": "notifies subscribers immediately upon subscription with current state"
        },
        {
          "ancestorTitles": ["ThermalGuard"],
          "duration": 0,
          "failureDetails": [],
          "failureMessages": [],
          "fullName": "ThermalGuard notifies all subscribers when state changes",
          "invocations": 1,
          "location": null,
          "numPassingAsserts": 2,
          "retryReasons": [],
          "status": "passed",
          "title": "notifies all subscribers when state changes"
        },
        {
          "ancestorTitles": ["ThermalGuard"],
          "duration": 1,
          "failureDetails": [],
          "failureMessages": [],
          "fullName": "ThermalGuard stops notifying a subscriber after it unsubscribes",
          "invocations": 1,
          "location": null,
          "numPassingAsserts": 1,
          "retryReasons": [],
          "status": "passed",
          "title": "stops notifying a subscriber after it unsubscribes"
        },
        {
          "ancestorTitles": ["ThermalGuard"],
          "duration": 0,
          "failureDetails": [],
          "failureMessages": [],
          "fullName": "ThermalGuard transitions through all valid states",
          "invocations": 1,
          "location": null,
          "numPassingAsserts": 4,
          "retryReasons": [],
          "status": "passed",
          "title": "transitions through all valid states"
        },
        {
          "ancestorTitles": ["ThermalGuard"],
          "duration": 0,
          "failureDetails": [{}],
          "failureMessages": [
            "Error: Test Callback Error\n    at /Users/justin.zhang/Desktop/burma/burma-inventory/mobile-web/src/core/utils/thermalGuard.spec.ts:94:13\n    at /Users/justin.zhang/Desktop/burma/burma-inventory/node_modules/jest-environment-node/node_modules/jest-mock/build/index.js:397:39\n    at /Users/justin.zhang/Desktop/burma/burma-inventory/node_modules/jest-environment-node/node_modules/jest-mock/build/index.js:404:13\n    at mockConstructor (/Users/justin.zhang/Desktop/burma/burma-inventory/node_modules/jest-environment-node/node_modules/jest-mock/build/index.js:148:19)\n    at Object.callback [as subscribe] (/Users/justin.zhang/Desktop/burma/burma-inventory/mobile-web/src/core/utils/thermalGuard.ts:30:5)\n    at Object.subscribe (/Users/justin.zhang/Desktop/burma/burma-inventory/mobile-web/src/core/utils/thermalGuard.spec.ts:97:38)\n    at Promise.then.completed (/Users/justin.zhang/Desktop/burma/burma-inventory/node_modules/@jest/core/node_modules/jest-circus/build/utils.js:298:28)\n    at new Promise (<anonymous>)\n    at callAsyncCircusFn (/Users/justin.zhang/Desktop/burma/burma-inventory/node_modules/@jest/core/node_modules/jest-circus/build/utils.js:231:10)\n    at _callCircusTest (/Users/justin.zhang/Desktop/burma/burma-inventory/node_modules/@jest/core/node_modules/jest-circus/build/run.js:316:40)\n    at _runTest (/Users/justin.zhang/Desktop/burma/burma-inventory/node_modules/@jest/core/node_modules/jest-circus/build/run.js:252:3)\n    at _runTestsForDescribeBlock (/Users/justin.zhang/Desktop/burma/burma-inventory/node_modules/@jest/core/node_modules/jest-circus/build/run.js:126:9)\n    at _runTestsForDescribeBlock (/Users/justin.zhang/Desktop/burma/burma-inventory/node_modules/@jest/core/node_modules/jest-circus/build/run.js:121:9)\n    at run (/Users/justin.zhang/Desktop/burma/burma-inventory/node_modules/@jest/core/node_modules/jest-circus/build/run.js:71:3)\n    at runAndTransformResultsToJestFormat (/Users/justin.zhang/Desktop/burma/burma-inventory/node_modules/@jest/core/node_modules/jest-circus/build/legacy-code-todo-rewrite/jestAdapterInit.js:122:21)\n    at jestAdapter (/Users/justin.zhang/Desktop/burma/burma-inventory/node_modules/@jest/core/node_modules/jest-circus/build/legacy-code-todo-rewrite/jestAdapter.js:79:19)\n    at runTestInternal (/Users/justin.zhang/Desktop/burma/burma-inventory/node_modules/jest-runner/build/runTest.js:367:16)\n    at runTest (/Users/justin.zhang/Desktop/burma/burma-inventory/node_modules/jest-runner/build/runTest.js:444:34)"
          ],
          "fullName": "ThermalGuard logs error when subscriber throws",
          "invocations": 1,
          "location": null,
          "numPassingAsserts": 0,
          "retryReasons": [],
          "status": "failed",
          "title": "logs error when subscriber throws"
        }
      ],
      "endTime": 1780778305988,
      "message": "  ● ThermalGuard › logs error when subscriber throws\n\n    Test Callback Error\n\n      92 |     const errorSpy = jest.spyOn(console, 'error').mockImplementation(() => {});\n      93 |     const throwingSubscriber = jest.fn().mockImplementation(() => {\n    > 94 |       throw new Error('Test Callback Error');\n         |             ^\n      95 |     });\n      96 |     \n      97 |     const unsubscribe = ThermalGuard.subscribe(throwingSubscriber);\n\n      at src/core/utils/thermalGuard.spec.ts:94:13\n      at Object.callback [as subscribe] (src/core/utils/thermalGuard.ts:30:5)\n      at Object.subscribe (src/core/utils/thermalGuard.spec.ts:97:38)\n",
      "name": "/Users/justin.zhang/Desktop/burma/burma-inventory/mobile-web/src/core/utils/thermalGuard.spec.ts",
      "startTime": 1780778305961,
      "status": "failed",
      "summary": ""
    },
    {
      "assertionResults": [
        {
          "ancestorTitles": ["Row Mappers", "mapRegion"],
          "duration": 1,
          "failureDetails": [],
          "failureMessages": [],
          "fullName": "Row Mappers mapRegion maps snake_case DB row to camelCase Region",
          "invocations": 1,
          "location": null,
          "numPassingAsserts": 1,
          "retryReasons": [],
          "status": "passed",
          "title": "maps snake_case DB row to camelCase Region"
        },
        {
          "ancestorTitles": ["Row Mappers", "mapShop"],
          "duration": 0,
          "failureDetails": [],
          "failureMessages": [],
          "fullName": "Row Mappers mapShop maps snake_case DB row to camelCase Shop",
          "invocations": 1,
          "location": null,
          "numPassingAsserts": 4,
          "retryReasons": [],
          "status": "passed",
          "title": "maps snake_case DB row to camelCase Shop"
        },
        {
          "ancestorTitles": ["Row Mappers", "mapContact"],
          "duration": 0,
          "failureDetails": [],
          "failureMessages": [],
          "fullName": "Row Mappers mapContact converts is_primary integer to boolean",
          "invocations": 1,
          "location": null,
          "numPassingAsserts": 2,
          "retryReasons": [],
          "status": "passed",
          "title": "converts is_primary integer to boolean"
        },
        {
          "ancestorTitles": ["Row Mappers", "mapContact"],
          "duration": 0,
          "failureDetails": [],
          "failureMessages": [],
          "fullName": "Row Mappers mapContact returns isPrimary=false when is_primary is 0",
          "invocations": 1,
          "location": null,
          "numPassingAsserts": 1,
          "retryReasons": [],
          "status": "passed",
          "title": "returns isPrimary=false when is_primary is 0"
        },
        {
          "ancestorTitles": ["Row Mappers", "mapItem"],
          "duration": 0,
          "failureDetails": [],
          "failureMessages": [],
          "fullName": "Row Mappers mapItem maps all item fields correctly",
          "invocations": 1,
          "location": null,
          "numPassingAsserts": 4,
          "retryReasons": [],
          "status": "passed",
          "title": "maps all item fields correctly"
        },
        {
          "ancestorTitles": ["Row Mappers", "mapItem"],
          "duration": 0,
          "failureDetails": [],
          "failureMessages": [],
          "fullName": "Row Mappers mapItem converts is_in_deficit=1 to true",
          "invocations": 1,
          "location": null,
          "numPassingAsserts": 1,
          "retryReasons": [],
          "status": "passed",
          "title": "converts is_in_deficit=1 to true"
        },
        {
          "ancestorTitles": ["Row Mappers", "mapInteractionLog"],
          "duration": 1,
          "failureDetails": [],
          "failureMessages": [],
          "fullName": "Row Mappers mapInteractionLog maps log fields and converts is_offline_entry to boolean",
          "invocations": 1,
          "location": null,
          "numPassingAsserts": 3,
          "retryReasons": [],
          "status": "passed",
          "title": "maps log fields and converts is_offline_entry to boolean"
        },
        {
          "ancestorTitles": ["Row Mappers", "mapInteractionItem"],
          "duration": 0,
          "failureDetails": [],
          "failureMessages": [],
          "fullName": "Row Mappers mapInteractionItem applies defaults for nullable fields",
          "invocations": 1,
          "location": null,
          "numPassingAsserts": 3,
          "retryReasons": [],
          "status": "passed",
          "title": "applies defaults for nullable fields"
        },
        {
          "ancestorTitles": ["Row Mappers", "mapInteractionItem"],
          "duration": 0,
          "failureDetails": [],
          "failureMessages": [],
          "fullName": "Row Mappers mapInteractionItem preserves explicit values when present",
          "invocations": 1,
          "location": null,
          "numPassingAsserts": 3,
          "retryReasons": [],
          "status": "passed",
          "title": "preserves explicit values when present"
        },
        {
          "ancestorTitles": ["Row Mappers", "mapDailyQuota"],
          "duration": 0,
          "failureDetails": [],
          "failureMessages": [],
          "fullName": "Row Mappers mapDailyQuota maps quota row correctly",
          "invocations": 1,
          "location": null,
          "numPassingAsserts": 2,
          "retryReasons": [],
          "status": "passed",
          "title": "maps quota row correctly"
        },
        {
          "ancestorTitles": ["Row Mappers", "mapItemStock"],
          "duration": 0,
          "failureDetails": [],
          "failureMessages": [],
          "fullName": "Row Mappers mapItemStock defaults pendingAllocationCount to 0 when null",
          "invocations": 1,
          "location": null,
          "numPassingAsserts": 2,
          "retryReasons": [],
          "status": "passed",
          "title": "defaults pendingAllocationCount to 0 when null"
        },
        {
          "ancestorTitles": ["Row Mappers", "mapExpectedInbound"],
          "duration": 0,
          "failureDetails": [],
          "failureMessages": [],
          "fullName": "Row Mappers mapExpectedInbound maps all fields from snake_case to camelCase",
          "invocations": 1,
          "location": null,
          "numPassingAsserts": 3,
          "retryReasons": [],
          "status": "passed",
          "title": "maps all fields from snake_case to camelCase"
        },
        {
          "ancestorTitles": ["getConversionMultiplier"],
          "duration": 0,
          "failureDetails": [],
          "failureMessages": [],
          "fullName": "getConversionMultiplier returns 1 for PCS unit",
          "invocations": 1,
          "location": null,
          "numPassingAsserts": 1,
          "retryReasons": [],
          "status": "passed",
          "title": "returns 1 for PCS unit"
        },
        {
          "ancestorTitles": ["getConversionMultiplier"],
          "duration": 0,
          "failureDetails": [],
          "failureMessages": [],
          "fullName": "getConversionMultiplier returns 1 for empty selectedUnit",
          "invocations": 1,
          "location": null,
          "numPassingAsserts": 1,
          "retryReasons": [],
          "status": "passed",
          "title": "returns 1 for empty selectedUnit"
        },
        {
          "ancestorTitles": ["getConversionMultiplier"],
          "duration": 0,
          "failureDetails": [],
          "failureMessages": [],
          "fullName": "getConversionMultiplier returns item's conversionFactor when unit matches item.unitType",
          "invocations": 1,
          "location": null,
          "numPassingAsserts": 1,
          "retryReasons": [],
          "status": "passed",
          "title": "returns item's conversionFactor when unit matches item.unitType"
        },
        {
          "ancestorTitles": ["getConversionMultiplier"],
          "duration": 0,
          "failureDetails": [],
          "failureMessages": [],
          "fullName": "getConversionMultiplier returns 10 for PK",
          "invocations": 1,
          "location": null,
          "numPassingAsserts": 1,
          "retryReasons": [],
          "status": "passed",
          "title": "returns 10 for PK"
        },
        {
          "ancestorTitles": ["getConversionMultiplier"],
          "duration": 1,
          "failureDetails": [],
          "failureMessages": [],
          "fullName": "getConversionMultiplier returns 40 for BAGS",
          "invocations": 1,
          "location": null,
          "numPassingAsserts": 1,
          "retryReasons": [],
          "status": "passed",
          "title": "returns 40 for BAGS"
        },
        {
          "ancestorTitles": ["getConversionMultiplier"],
          "duration": 0,
          "failureDetails": [],
          "failureMessages": [],
          "fullName": "getConversionMultiplier returns 100 for PAL",
          "invocations": 1,
          "location": null,
          "numPassingAsserts": 1,
          "retryReasons": [],
          "status": "passed",
          "title": "returns 100 for PAL"
        },
        {
          "ancestorTitles": ["getConversionMultiplier"],
          "duration": 0,
          "failureDetails": [],
          "failureMessages": [],
          "fullName": "getConversionMultiplier returns 1 for unknown unit",
          "invocations": 1,
          "location": null,
          "numPassingAsserts": 1,
          "retryReasons": [],
          "status": "passed",
          "title": "returns 1 for unknown unit"
        },
        {
          "ancestorTitles": ["fetchRegions"],
          "duration": 0,
          "failureDetails": [],
          "failureMessages": [],
          "fullName": "fetchRegions fetches and maps all regions from the database",
          "invocations": 1,
          "location": null,
          "numPassingAsserts": 2,
          "retryReasons": [],
          "status": "passed",
          "title": "fetches and maps all regions from the database"
        },
        {
          "ancestorTitles": ["fetchRegions"],
          "duration": 0,
          "failureDetails": [],
          "failureMessages": [],
          "fullName": "fetchRegions returns an empty array when no regions exist",
          "invocations": 1,
          "location": null,
          "numPassingAsserts": 1,
          "retryReasons": [],
          "status": "passed",
          "title": "returns an empty array when no regions exist"
        },
        {
          "ancestorTitles": ["fetchDailyQuotas"],
          "duration": 0,
          "failureDetails": [],
          "failureMessages": [],
          "fullName": "fetchDailyQuotas maps all returned quota rows",
          "invocations": 1,
          "location": null,
          "numPassingAsserts": 2,
          "retryReasons": [],
          "status": "passed",
          "title": "maps all returned quota rows"
        },
        {
          "ancestorTitles": ["fetchInteractionLogs"],
          "duration": 0,
          "failureDetails": [],
          "failureMessages": [],
          "fullName": "fetchInteractionLogs maps all returned log rows",
          "invocations": 1,
          "location": null,
          "numPassingAsserts": 2,
          "retryReasons": [],
          "status": "passed",
          "title": "maps all returned log rows"
        },
        {
          "ancestorTitles": ["fetchAllItems"],
          "duration": 1,
          "failureDetails": [],
          "failureMessages": [],
          "fullName": "fetchAllItems maps all returned item rows",
          "invocations": 1,
          "location": null,
          "numPassingAsserts": 2,
          "retryReasons": [],
          "status": "passed",
          "title": "maps all returned item rows"
        },
        {
          "ancestorTitles": ["fetchAllInteractionItems"],
          "duration": 0,
          "failureDetails": [],
          "failureMessages": [],
          "fullName": "fetchAllInteractionItems maps interaction items with defaults",
          "invocations": 1,
          "location": null,
          "numPassingAsserts": 1,
          "retryReasons": [],
          "status": "passed",
          "title": "maps interaction items with defaults"
        },
        {
          "ancestorTitles": ["fetchExpectedInbounds"],
          "duration": 0,
          "failureDetails": [],
          "failureMessages": [],
          "fullName": "fetchExpectedInbounds returns mapped expected inbound records",
          "invocations": 1,
          "location": null,
          "numPassingAsserts": 2,
          "retryReasons": [],
          "status": "passed",
          "title": "returns mapped expected inbound records"
        },
        {
          "ancestorTitles": ["fetchItemsAndStockLevel"],
          "duration": 0,
          "failureDetails": [],
          "failureMessages": [],
          "fullName": "fetchItemsAndStockLevel returns items and builds stocksMap keyed by item_id",
          "invocations": 1,
          "location": null,
          "numPassingAsserts": 2,
          "retryReasons": [],
          "status": "passed",
          "title": "returns items and builds stocksMap keyed by item_id"
        },
        {
          "ancestorTitles": ["fetchItemsAndStockLevel"],
          "duration": 0,
          "failureDetails": [],
          "failureMessages": [],
          "fullName": "fetchItemsAndStockLevel returns empty stocksMap when no stock records exist",
          "invocations": 1,
          "location": null,
          "numPassingAsserts": 1,
          "retryReasons": [],
          "status": "passed",
          "title": "returns empty stocksMap when no stock records exist"
        },
        {
          "ancestorTitles": ["fetchShops"],
          "duration": 1,
          "failureDetails": [],
          "failureMessages": [],
          "fullName": "fetchShops returns shops enriched with region name and last interaction date",
          "invocations": 1,
          "location": null,
          "numPassingAsserts": 3,
          "retryReasons": [],
          "status": "passed",
          "title": "returns shops enriched with region name and last interaction date"
        },
        {
          "ancestorTitles": ["fetchShops"],
          "duration": 0,
          "failureDetails": [],
          "failureMessages": [],
          "fullName": "fetchShops uses \"Unknown Region\" when shop region_id has no match",
          "invocations": 1,
          "location": null,
          "numPassingAsserts": 1,
          "retryReasons": [],
          "status": "passed",
          "title": "uses \"Unknown Region\" when shop region_id has no match"
        },
        {
          "ancestorTitles": ["fetchShops"],
          "duration": 0,
          "failureDetails": [],
          "failureMessages": [],
          "fullName": "fetchShops returns empty list when no shops exist",
          "invocations": 1,
          "location": null,
          "numPassingAsserts": 1,
          "retryReasons": [],
          "status": "passed",
          "title": "returns empty list when no shops exist"
        },
        {
          "ancestorTitles": ["fetchShops"],
          "duration": 0,
          "failureDetails": [],
          "failureMessages": [],
          "fullName": "fetchShops picks the most recent interaction date when shop has multiple logs",
          "invocations": 1,
          "location": null,
          "numPassingAsserts": 1,
          "retryReasons": [],
          "status": "passed",
          "title": "picks the most recent interaction date when shop has multiple logs"
        },
        {
          "ancestorTitles": ["fetchShopDetails"],
          "duration": 1,
          "failureDetails": [],
          "failureMessages": [],
          "fullName": "fetchShopDetails returns contacts and logsWithItems for a given shopId",
          "invocations": 1,
          "location": null,
          "numPassingAsserts": 4,
          "retryReasons": [],
          "status": "passed",
          "title": "returns contacts and logsWithItems for a given shopId"
        },
        {
          "ancestorTitles": ["fetchShopDetails"],
          "duration": 0,
          "failureDetails": [],
          "failureMessages": [],
          "fullName": "fetchShopDetails uses fallback item name when item lookup fails",
          "invocations": 1,
          "location": null,
          "numPassingAsserts": 2,
          "retryReasons": [],
          "status": "passed",
          "title": "uses fallback item name when item lookup fails"
        },
        {
          "ancestorTitles": ["fetchShopDetails"],
          "duration": 0,
          "failureDetails": [],
          "failureMessages": [],
          "fullName": "fetchShopDetails returns empty contacts and logsWithItems when shop has no records",
          "invocations": 1,
          "location": null,
          "numPassingAsserts": 2,
          "retryReasons": [],
          "status": "passed",
          "title": "returns empty contacts and logsWithItems when shop has no records"
        },
        {
          "ancestorTitles": ["applyQuotaAdjustments"],
          "duration": 0,
          "failureDetails": [],
          "failureMessages": [],
          "fullName": "applyQuotaAdjustments inserts a new quota and returns the updated quota list",
          "invocations": 1,
          "location": null,
          "numPassingAsserts": 4,
          "retryReasons": [],
          "status": "passed",
          "title": "inserts a new quota and returns the updated quota list"
        },
        {
          "ancestorTitles": ["applyQuotaAdjustments"],
          "duration": 10,
          "failureDetails": [],
          "failureMessages": [],
          "fullName": "applyQuotaAdjustments throws when the database insert fails",
          "invocations": 1,
          "location": null,
          "numPassingAsserts": 1,
          "retryReasons": [],
          "status": "passed",
          "title": "throws when the database insert fails"
        },
        {
          "ancestorTitles": ["createInteractionLog"],
          "duration": 1,
          "failureDetails": [],
          "failureMessages": [],
          "fullName": "createInteractionLog resolves with a new log ID when the transaction succeeds",
          "invocations": 1,
          "location": null,
          "numPassingAsserts": 2,
          "retryReasons": [],
          "status": "passed",
          "title": "resolves with a new log ID when the transaction succeeds"
        },
        {
          "ancestorTitles": ["createInteractionLog"],
          "duration": 0,
          "failureDetails": [],
          "failureMessages": [],
          "fullName": "createInteractionLog throws when the transaction fails",
          "invocations": 1,
          "location": null,
          "numPassingAsserts": 1,
          "retryReasons": [],
          "status": "passed",
          "title": "throws when the transaction fails"
        },
        {
          "ancestorTitles": ["createInteractionLog"],
          "duration": 0,
          "failureDetails": [],
          "failureMessages": [],
          "fullName": "createInteractionLog calculates base quantity using unit conversion multiplier",
          "invocations": 1,
          "location": null,
          "numPassingAsserts": 1,
          "retryReasons": [],
          "status": "passed",
          "title": "calculates base quantity using unit conversion multiplier"
        },
        {
          "ancestorTitles": ["createInteractionLog"],
          "duration": 1,
          "failureDetails": [],
          "failureMessages": [],
          "fullName": "createInteractionLog searches shops by name when searchQuery is provided",
          "invocations": 1,
          "location": null,
          "numPassingAsserts": 2,
          "retryReasons": [],
          "status": "passed",
          "title": "searches shops by name when searchQuery is provided"
        },
        {
          "ancestorTitles": ["createInteractionLog"],
          "duration": 0,
          "failureDetails": [],
          "failureMessages": [],
          "fullName": "createInteractionLog uses fallback item name when item lookup throws an error",
          "invocations": 1,
          "location": null,
          "numPassingAsserts": 2,
          "retryReasons": [],
          "status": "passed",
          "title": "uses fallback item name when item lookup throws an error"
        },
        {
          "ancestorTitles": ["createInteractionLog"],
          "duration": 0,
          "failureDetails": [],
          "failureMessages": [],
          "fullName": "createInteractionLog uses selected.unitPrice negotiated price when provided",
          "invocations": 1,
          "location": null,
          "numPassingAsserts": 1,
          "retryReasons": [],
          "status": "passed",
          "title": "uses selected.unitPrice negotiated price when provided"
        }
      ],
      "endTime": 1780778306106,
      "message": "",
      "name": "/Users/justin.zhang/Desktop/burma/burma-inventory/mobile-web/src/core/data/repositories.spec.ts",
      "startTime": 1780778305990,
      "status": "passed",
      "summary": ""
    },
    {
      "assertionResults": [
        {
          "ancestorTitles": ["ImageUploadQueue (Web)", "Subscriptions"],
          "duration": 0,
          "failureDetails": [],
          "failureMessages": [],
          "fullName": "ImageUploadQueue (Web) Subscriptions should register and notify subscribers",
          "invocations": 1,
          "location": null,
          "numPassingAsserts": 2,
          "retryReasons": [],
          "status": "passed",
          "title": "should register and notify subscribers"
        },
        {
          "ancestorTitles": ["ImageUploadQueue (Web)", "Subscriptions"],
          "duration": 0,
          "failureDetails": [],
          "failureMessages": [],
          "fullName": "ImageUploadQueue (Web) Subscriptions should register and unsubscribe via unsubscribe method",
          "invocations": 1,
          "location": null,
          "numPassingAsserts": 1,
          "retryReasons": [],
          "status": "passed",
          "title": "should register and unsubscribe via unsubscribe method"
        },
        {
          "ancestorTitles": ["ImageUploadQueue (Web)", "Subscriptions"],
          "duration": 8,
          "failureDetails": [],
          "failureMessages": [],
          "fullName": "ImageUploadQueue (Web) Subscriptions should catch errors thrown by subscribers and continue",
          "invocations": 1,
          "location": null,
          "numPassingAsserts": 3,
          "retryReasons": [],
          "status": "passed",
          "title": "should catch errors thrown by subscribers and continue"
        },
        {
          "ancestorTitles": ["ImageUploadQueue (Web)", "Queue Actions"],
          "duration": 1,
          "failureDetails": [],
          "failureMessages": [],
          "fullName": "ImageUploadQueue (Web) Queue Actions should update task status to pending on retryTask",
          "invocations": 1,
          "location": null,
          "numPassingAsserts": 2,
          "retryReasons": [],
          "status": "passed",
          "title": "should update task status to pending on retryTask"
        },
        {
          "ancestorTitles": ["ImageUploadQueue (Web)", "Queue Actions"],
          "duration": 0,
          "failureDetails": [],
          "failureMessages": [],
          "fullName": "ImageUploadQueue (Web) Queue Actions should toggle manual pause and resume state",
          "invocations": 1,
          "location": null,
          "numPassingAsserts": 2,
          "retryReasons": [],
          "status": "passed",
          "title": "should toggle manual pause and resume state"
        },
        {
          "ancestorTitles": ["ImageUploadQueue (Web)", "Queue Processing"],
          "duration": 1,
          "failureDetails": [],
          "failureMessages": [],
          "fullName": "ImageUploadQueue (Web) Queue Processing should skip processing if paused",
          "invocations": 1,
          "location": null,
          "numPassingAsserts": 1,
          "retryReasons": [],
          "status": "passed",
          "title": "should skip processing if paused"
        },
        {
          "ancestorTitles": ["ImageUploadQueue (Web)", "Queue Processing"],
          "duration": 0,
          "failureDetails": [],
          "failureMessages": [],
          "fullName": "ImageUploadQueue (Web) Queue Processing should upload pending images, update logs, and delete task from queue",
          "invocations": 1,
          "location": null,
          "numPassingAsserts": 4,
          "retryReasons": [],
          "status": "passed",
          "title": "should upload pending images, update logs, and delete task from queue"
        },
        {
          "ancestorTitles": ["ImageUploadQueue (Web)", "Queue Processing"],
          "duration": 1,
          "failureDetails": [],
          "failureMessages": [],
          "fullName": "ImageUploadQueue (Web) Queue Processing should handle competitor insights uploads",
          "invocations": 1,
          "location": null,
          "numPassingAsserts": 2,
          "retryReasons": [],
          "status": "passed",
          "title": "should handle competitor insights uploads"
        },
        {
          "ancestorTitles": ["ImageUploadQueue (Web)", "Queue Processing"],
          "duration": 1,
          "failureDetails": [],
          "failureMessages": [],
          "fullName": "ImageUploadQueue (Web) Queue Processing should mark task failed if upload fails",
          "invocations": 1,
          "location": null,
          "numPassingAsserts": 1,
          "retryReasons": [],
          "status": "passed",
          "title": "should mark task failed if upload fails"
        },
        {
          "ancestorTitles": ["ImageUploadQueue (Web)", "Queue Processing"],
          "duration": 0,
          "failureDetails": [],
          "failureMessages": [],
          "fullName": "ImageUploadQueue (Web) Queue Processing should handle database errors in processQueue gracefully",
          "invocations": 1,
          "location": null,
          "numPassingAsserts": 2,
          "retryReasons": [],
          "status": "passed",
          "title": "should handle database errors in processQueue gracefully"
        },
        {
          "ancestorTitles": ["ImageUploadQueue (Web)", "Queue Processing"],
          "duration": 1,
          "failureDetails": [],
          "failureMessages": [],
          "fullName": "ImageUploadQueue (Web) Queue Processing should prevent concurrent execution if already processing",
          "invocations": 1,
          "location": null,
          "numPassingAsserts": 1,
          "retryReasons": [],
          "status": "passed",
          "title": "should prevent concurrent execution if already processing"
        },
        {
          "ancestorTitles": ["ImageUploadQueue (Web)", "Queue Processing"],
          "duration": 0,
          "failureDetails": [],
          "failureMessages": [],
          "fullName": "ImageUploadQueue (Web) Queue Processing should throw error when server upload response has no valid URL",
          "invocations": 1,
          "location": null,
          "numPassingAsserts": 1,
          "retryReasons": [],
          "status": "passed",
          "title": "should throw error when server upload response has no valid URL"
        },
        {
          "ancestorTitles": ["ImageUploadQueue (Web)", "Queue Processing"],
          "duration": 0,
          "failureDetails": [],
          "failureMessages": [],
          "fullName": "ImageUploadQueue (Web) Queue Processing should handle database failures in retryTask",
          "invocations": 1,
          "location": null,
          "numPassingAsserts": 2,
          "retryReasons": [],
          "status": "passed",
          "title": "should handle database failures in retryTask"
        },
        {
          "ancestorTitles": ["ImageUploadQueue (Web)", "Queue Processing"],
          "duration": 1,
          "failureDetails": [],
          "failureMessages": [],
          "fullName": "ImageUploadQueue (Web) Queue Processing uses fallback empty blob when local_file_path is blob: but not in activeSessionBlobs",
          "invocations": 1,
          "location": null,
          "numPassingAsserts": 1,
          "retryReasons": [],
          "status": "passed",
          "title": "uses fallback empty blob when local_file_path is blob: but not in activeSessionBlobs"
        }
      ],
      "endTime": 1780778306218,
      "message": "",
      "name": "/Users/justin.zhang/Desktop/burma/burma-inventory/mobile-web/src/features/sync/ImageUploadQueue.spec.ts",
      "startTime": 1780778306113,
      "status": "passed",
      "summary": ""
    },
    {
      "assertionResults": [
        {
          "ancestorTitles": ["useNetworkQuality"],
          "duration": 3,
          "failureDetails": [],
          "failureMessages": [],
          "fullName": "useNetworkQuality initializes and registers a NetInfo listener at the module level",
          "invocations": 1,
          "location": null,
          "numPassingAsserts": 2,
          "retryReasons": [],
          "status": "passed",
          "title": "initializes and registers a NetInfo listener at the module level"
        },
        {
          "ancestorTitles": ["useNetworkQuality"],
          "duration": 0,
          "failureDetails": [],
          "failureMessages": [],
          "fullName": "useNetworkQuality updates network quality when a new NetInfo event is received",
          "invocations": 1,
          "location": null,
          "numPassingAsserts": 1,
          "retryReasons": [],
          "status": "passed",
          "title": "updates network quality when a new NetInfo event is received"
        },
        {
          "ancestorTitles": ["useNetworkQuality"],
          "duration": 0,
          "failureDetails": [],
          "failureMessages": [],
          "fullName": "useNetworkQuality detects cellular 2G network as a degraded network state",
          "invocations": 1,
          "location": null,
          "numPassingAsserts": 1,
          "retryReasons": [],
          "status": "passed",
          "title": "detects cellular 2G network as a degraded network state"
        },
        {
          "ancestorTitles": ["useNetworkQuality"],
          "duration": 0,
          "failureDetails": [],
          "failureMessages": [],
          "fullName": "useNetworkQuality does not treat cellular 4G network as degraded",
          "invocations": 1,
          "location": null,
          "numPassingAsserts": 1,
          "retryReasons": [],
          "status": "passed",
          "title": "does not treat cellular 4G network as degraded"
        },
        {
          "ancestorTitles": ["useNetworkQuality"],
          "duration": 0,
          "failureDetails": [],
          "failureMessages": [],
          "fullName": "useNetworkQuality handles cellular type without details gracefully",
          "invocations": 1,
          "location": null,
          "numPassingAsserts": 1,
          "retryReasons": [],
          "status": "passed",
          "title": "handles cellular type without details gracefully"
        },
        {
          "ancestorTitles": ["useNetworkQuality"],
          "duration": 0,
          "failureDetails": [],
          "failureMessages": [],
          "fullName": "useNetworkQuality maps mock network degradation flags to degraded network states",
          "invocations": 1,
          "location": null,
          "numPassingAsserts": 1,
          "retryReasons": [],
          "status": "passed",
          "title": "maps mock network degradation flags to degraded network states"
        },
        {
          "ancestorTitles": ["useNetworkQuality"],
          "duration": 0,
          "failureDetails": [],
          "failureMessages": [],
          "fullName": "useNetworkQuality handles empty/undefined isConnected state gracefully",
          "invocations": 1,
          "location": null,
          "numPassingAsserts": 1,
          "retryReasons": [],
          "status": "passed",
          "title": "handles empty/undefined isConnected state gracefully"
        },
        {
          "ancestorTitles": ["useNetworkQuality"],
          "duration": 0,
          "failureDetails": [],
          "failureMessages": [],
          "fullName": "useNetworkQuality allows observers to subscribe to network quality changes and unsubscribe properly",
          "invocations": 1,
          "location": null,
          "numPassingAsserts": 4,
          "retryReasons": [],
          "status": "passed",
          "title": "allows observers to subscribe to network quality changes and unsubscribe properly"
        },
        {
          "ancestorTitles": ["useNetworkQuality"],
          "duration": 5,
          "failureDetails": [],
          "failureMessages": [],
          "fullName": "useNetworkQuality hook useNetworkQuality tracks active network quality state updates",
          "invocations": 1,
          "location": null,
          "numPassingAsserts": 2,
          "retryReasons": [],
          "status": "passed",
          "title": "hook useNetworkQuality tracks active network quality state updates"
        },
        {
          "ancestorTitles": ["useNetworkQuality"],
          "duration": 0,
          "failureDetails": [],
          "failureMessages": [],
          "fullName": "useNetworkQuality handles errors thrown by subscriber callbacks gracefully",
          "invocations": 1,
          "location": null,
          "numPassingAsserts": 1,
          "retryReasons": [],
          "status": "passed",
          "title": "handles errors thrown by subscriber callbacks gracefully"
        }
      ],
      "endTime": 1780778306302,
      "message": "",
      "name": "/Users/justin.zhang/Desktop/burma/burma-inventory/mobile-web/src/features/sync/hooks/useNetworkQuality.spec.ts",
      "startTime": 1780778306227,
      "status": "passed",
      "summary": ""
    },
    {
      "assertionResults": [
        {
          "ancestorTitles": ["TelemetryLogger"],
          "duration": 1,
          "failureDetails": [],
          "failureMessages": [],
          "fullName": "TelemetryLogger inserts a telemetry event log with the correct fields",
          "invocations": 1,
          "location": null,
          "numPassingAsserts": 2,
          "retryReasons": [],
          "status": "passed",
          "title": "inserts a telemetry event log with the correct fields"
        },
        {
          "ancestorTitles": ["TelemetryLogger"],
          "duration": 0,
          "failureDetails": [],
          "failureMessages": [],
          "fullName": "TelemetryLogger uses \"error\" as the default log level when none is specified",
          "invocations": 1,
          "location": null,
          "numPassingAsserts": 1,
          "retryReasons": [],
          "status": "passed",
          "title": "uses \"error\" as the default log level when none is specified"
        },
        {
          "ancestorTitles": ["TelemetryLogger"],
          "duration": 0,
          "failureDetails": [],
          "failureMessages": [],
          "fullName": "TelemetryLogger recovers gracefully and logs to console.error when the database insert fails",
          "invocations": 1,
          "location": null,
          "numPassingAsserts": 2,
          "retryReasons": [],
          "status": "passed",
          "title": "recovers gracefully and logs to console.error when the database insert fails"
        },
        {
          "ancestorTitles": ["TelemetryLogger"],
          "duration": 0,
          "failureDetails": [],
          "failureMessages": [],
          "fullName": "TelemetryLogger generates a unique UUID for every logged event",
          "invocations": 1,
          "location": null,
          "numPassingAsserts": 2,
          "retryReasons": [],
          "status": "passed",
          "title": "generates a unique UUID for every logged event"
        },
        {
          "ancestorTitles": ["TelemetryLogger"],
          "duration": 0,
          "failureDetails": [],
          "failureMessages": [],
          "fullName": "TelemetryLogger appends thermal and network status on exceptions or sync failures",
          "invocations": 1,
          "location": null,
          "numPassingAsserts": 1,
          "retryReasons": [],
          "status": "passed",
          "title": "appends thermal and network status on exceptions or sync failures"
        },
        {
          "ancestorTitles": ["TelemetryLogger"],
          "duration": 0,
          "failureDetails": [],
          "failureMessages": [],
          "fullName": "TelemetryLogger does not append thermal and network status on standard info logs",
          "invocations": 1,
          "location": null,
          "numPassingAsserts": 1,
          "retryReasons": [],
          "status": "passed",
          "title": "does not append thermal and network status on standard info logs"
        }
      ],
      "endTime": 1780778306351,
      "message": "",
      "name": "/Users/justin.zhang/Desktop/burma/burma-inventory/mobile-web/src/core/utils/telemetry.spec.ts",
      "startTime": 1780778306303,
      "status": "passed",
      "summary": ""
    },
    {
      "assertionResults": [
        {
          "ancestorTitles": ["audit logger"],
          "duration": 1,
          "failureDetails": [],
          "failureMessages": [],
          "fullName": "audit logger chains with genesis hash when database is empty",
          "invocations": 1,
          "location": null,
          "numPassingAsserts": 3,
          "retryReasons": [],
          "status": "passed",
          "title": "chains with genesis hash when database is empty"
        },
        {
          "ancestorTitles": ["audit logger"],
          "duration": 1,
          "failureDetails": [],
          "failureMessages": [],
          "fullName": "audit logger chains mathematically to preceding event hash when present",
          "invocations": 1,
          "location": null,
          "numPassingAsserts": 2,
          "retryReasons": [],
          "status": "passed",
          "title": "chains mathematically to preceding event hash when present"
        },
        {
          "ancestorTitles": ["audit logger"],
          "duration": 0,
          "failureDetails": [],
          "failureMessages": [],
          "fullName": "audit logger gets and sets the latest audit hash",
          "invocations": 1,
          "location": null,
          "numPassingAsserts": 1,
          "retryReasons": [],
          "status": "passed",
          "title": "gets and sets the latest audit hash"
        }
      ],
      "endTime": 1780778306403,
      "message": "",
      "name": "/Users/justin.zhang/Desktop/burma/burma-inventory/mobile-web/src/core/utils/audit.spec.ts",
      "startTime": 1780778306353,
      "status": "passed",
      "summary": ""
    },
    {
      "assertionResults": [
        {
          "ancestorTitles": ["ImageUploadQueue (Native)", "Enqueuing Images"],
          "duration": 3,
          "failureDetails": [],
          "failureMessages": [],
          "fullName": "ImageUploadQueue (Native) Enqueuing Images should compress and copy image persistently on enqueueImage",
          "invocations": 1,
          "location": null,
          "numPassingAsserts": 3,
          "retryReasons": [],
          "status": "passed",
          "title": "should compress and copy image persistently on enqueueImage"
        },
        {
          "ancestorTitles": ["ImageUploadQueue (Native)", "Enqueuing Images"],
          "duration": 1,
          "failureDetails": [],
          "failureMessages": [],
          "fullName": "ImageUploadQueue (Native) Enqueuing Images should create upload directory if missing",
          "invocations": 1,
          "location": null,
          "numPassingAsserts": 1,
          "retryReasons": [],
          "status": "passed",
          "title": "should create upload directory if missing"
        },
        {
          "ancestorTitles": ["ImageUploadQueue (Native)", "Queue Processing"],
          "duration": 0,
          "failureDetails": [],
          "failureMessages": [],
          "fullName": "ImageUploadQueue (Native) Queue Processing should upload images successfully and update DB under normal network",
          "invocations": 1,
          "location": null,
          "numPassingAsserts": 3,
          "retryReasons": [],
          "status": "passed",
          "title": "should upload images successfully and update DB under normal network"
        },
        {
          "ancestorTitles": ["ImageUploadQueue (Native)", "Queue Processing"],
          "duration": 1,
          "failureDetails": [],
          "failureMessages": [],
          "fullName": "ImageUploadQueue (Native) Queue Processing should apply aggressive compression when network is degraded",
          "invocations": 1,
          "location": null,
          "numPassingAsserts": 2,
          "retryReasons": [],
          "status": "passed",
          "title": "should apply aggressive compression when network is degraded"
        },
        {
          "ancestorTitles": ["ImageUploadQueue (Native)", "Queue Processing"],
          "duration": 3,
          "failureDetails": [],
          "failureMessages": [],
          "fullName": "ImageUploadQueue (Native) Queue Processing should set task failed if upload fails",
          "invocations": 1,
          "location": null,
          "numPassingAsserts": 1,
          "retryReasons": [],
          "status": "passed",
          "title": "should set task failed if upload fails"
        },
        {
          "ancestorTitles": ["ImageUploadQueue (Native)", "Queue Processing"],
          "duration": 1,
          "failureDetails": [],
          "failureMessages": [],
          "fullName": "ImageUploadQueue (Native) Queue Processing should handle competitor insights uploads in native queue",
          "invocations": 1,
          "location": null,
          "numPassingAsserts": 2,
          "retryReasons": [],
          "status": "passed",
          "title": "should handle competitor insights uploads in native queue"
        },
        {
          "ancestorTitles": ["ImageUploadQueue (Native)", "Queue Processing"],
          "duration": 3,
          "failureDetails": [],
          "failureMessages": [],
          "fullName": "ImageUploadQueue (Native) Queue Processing should handle netinfo check errors gracefully",
          "invocations": 1,
          "location": null,
          "numPassingAsserts": 1,
          "retryReasons": [],
          "status": "passed",
          "title": "should handle netinfo check errors gracefully"
        },
        {
          "ancestorTitles": ["ImageUploadQueue (Native)", "Queue Processing"],
          "duration": 0,
          "failureDetails": [],
          "failureMessages": [],
          "fullName": "ImageUploadQueue (Native) Queue Processing should handle database errors in processQueue gracefully",
          "invocations": 1,
          "location": null,
          "numPassingAsserts": 1,
          "retryReasons": [],
          "status": "passed",
          "title": "should handle database errors in processQueue gracefully"
        },
        {
          "ancestorTitles": ["ImageUploadQueue (Native)", "Subscriptions"],
          "duration": 0,
          "failureDetails": [],
          "failureMessages": [],
          "fullName": "ImageUploadQueue (Native) Subscriptions should register and notify subscribers",
          "invocations": 1,
          "location": null,
          "numPassingAsserts": 2,
          "retryReasons": [],
          "status": "passed",
          "title": "should register and notify subscribers"
        },
        {
          "ancestorTitles": ["ImageUploadQueue (Native)", "Subscriptions"],
          "duration": 0,
          "failureDetails": [],
          "failureMessages": [],
          "fullName": "ImageUploadQueue (Native) Subscriptions should register and unsubscribe via unsubscribe method",
          "invocations": 1,
          "location": null,
          "numPassingAsserts": 1,
          "retryReasons": [],
          "status": "passed",
          "title": "should register and unsubscribe via unsubscribe method"
        },
        {
          "ancestorTitles": ["ImageUploadQueue (Native)", "Queue Actions"],
          "duration": 1,
          "failureDetails": [],
          "failureMessages": [],
          "fullName": "ImageUploadQueue (Native) Queue Actions should update task status to pending on retryTask",
          "invocations": 1,
          "location": null,
          "numPassingAsserts": 2,
          "retryReasons": [],
          "status": "passed",
          "title": "should update task status to pending on retryTask"
        },
        {
          "ancestorTitles": ["ImageUploadQueue (Native)", "Queue Actions"],
          "duration": 0,
          "failureDetails": [],
          "failureMessages": [],
          "fullName": "ImageUploadQueue (Native) Queue Actions should toggle manual pause and resume state",
          "invocations": 1,
          "location": null,
          "numPassingAsserts": 2,
          "retryReasons": [],
          "status": "passed",
          "title": "should toggle manual pause and resume state"
        },
        {
          "ancestorTitles": ["ImageUploadQueue (Native)", "Queue Actions"],
          "duration": 0,
          "failureDetails": [],
          "failureMessages": [],
          "fullName": "ImageUploadQueue (Native) Queue Actions handles subscriber callback throwing an error gracefully",
          "invocations": 1,
          "location": null,
          "numPassingAsserts": 2,
          "retryReasons": [],
          "status": "passed",
          "title": "handles subscriber callback throwing an error gracefully"
        },
        {
          "ancestorTitles": ["ImageUploadQueue (Native)", "Queue Actions"],
          "duration": 0,
          "failureDetails": [],
          "failureMessages": [],
          "fullName": "ImageUploadQueue (Native) Queue Actions handles database write operations failing in retryTask",
          "invocations": 1,
          "location": null,
          "numPassingAsserts": 1,
          "retryReasons": [],
          "status": "passed",
          "title": "handles database write operations failing in retryTask"
        },
        {
          "ancestorTitles": ["ImageUploadQueue (Native)", "Queue Actions"],
          "duration": 1,
          "failureDetails": [],
          "failureMessages": [],
          "fullName": "ImageUploadQueue (Native) Queue Actions skips processQueue execution when isPaused is true",
          "invocations": 1,
          "location": null,
          "numPassingAsserts": 1,
          "retryReasons": [],
          "status": "passed",
          "title": "skips processQueue execution when isPaused is true"
        },
        {
          "ancestorTitles": ["ImageUploadQueue (Native)", "Queue Actions"],
          "duration": 0,
          "failureDetails": [],
          "failureMessages": [],
          "fullName": "ImageUploadQueue (Native) Queue Actions prevents concurrent execution if already processing",
          "invocations": 1,
          "location": null,
          "numPassingAsserts": 1,
          "retryReasons": [],
          "status": "passed",
          "title": "prevents concurrent execution if already processing"
        },
        {
          "ancestorTitles": ["ImageUploadQueue (Native)", "Queue Actions"],
          "duration": 0,
          "failureDetails": [],
          "failureMessages": [],
          "fullName": "ImageUploadQueue (Native) Queue Actions handles degraded network image compression failure and falls back to original",
          "invocations": 1,
          "location": null,
          "numPassingAsserts": 1,
          "retryReasons": [],
          "status": "passed",
          "title": "handles degraded network image compression failure and falls back to original"
        },
        {
          "ancestorTitles": ["ImageUploadQueue (Native)", "Queue Actions"],
          "duration": 1,
          "failureDetails": [],
          "failureMessages": [],
          "fullName": "ImageUploadQueue (Native) Queue Actions throws upload error when server response is empty object",
          "invocations": 1,
          "location": null,
          "numPassingAsserts": 1,
          "retryReasons": [],
          "status": "passed",
          "title": "throws upload error when server response is empty object"
        },
        {
          "ancestorTitles": ["ImageUploadQueue (Native)", "Queue Actions"],
          "duration": 0,
          "failureDetails": [],
          "failureMessages": [],
          "fullName": "ImageUploadQueue (Native) Queue Actions handles native FileSystem delete/cleanup errors gracefully",
          "invocations": 1,
          "location": null,
          "numPassingAsserts": 1,
          "retryReasons": [],
          "status": "passed",
          "title": "handles native FileSystem delete/cleanup errors gracefully"
        }
      ],
      "endTime": 1780778306471,
      "message": "",
      "name": "/Users/justin.zhang/Desktop/burma/burma-inventory/mobile-web/src/features/sync/ImageUploadQueue.native.spec.ts",
      "startTime": 1780778306404,
      "status": "passed",
      "summary": ""
    },
    {
      "assertionResults": [
        {
          "ancestorTitles": ["StateRecovery (web platform)"],
          "duration": 0,
          "failureDetails": [],
          "failureMessages": [],
          "fullName": "StateRecovery (web platform) saves state to localStorage with the correct storage key",
          "invocations": 1,
          "location": null,
          "numPassingAsserts": 1,
          "retryReasons": [],
          "status": "passed",
          "title": "saves state to localStorage with the correct storage key"
        },
        {
          "ancestorTitles": ["StateRecovery (web platform)"],
          "duration": 0,
          "failureDetails": [],
          "failureMessages": [],
          "fullName": "StateRecovery (web platform) loads previously saved state from localStorage",
          "invocations": 1,
          "location": null,
          "numPassingAsserts": 1,
          "retryReasons": [],
          "status": "passed",
          "title": "loads previously saved state from localStorage"
        },
        {
          "ancestorTitles": ["StateRecovery (web platform)"],
          "duration": 0,
          "failureDetails": [],
          "failureMessages": [],
          "fullName": "StateRecovery (web platform) returns null when no state has been saved",
          "invocations": 1,
          "location": null,
          "numPassingAsserts": 1,
          "retryReasons": [],
          "status": "passed",
          "title": "returns null when no state has been saved"
        },
        {
          "ancestorTitles": ["StateRecovery (web platform)"],
          "duration": 0,
          "failureDetails": [],
          "failureMessages": [],
          "fullName": "StateRecovery (web platform) clears saved state from localStorage",
          "invocations": 1,
          "location": null,
          "numPassingAsserts": 2,
          "retryReasons": [],
          "status": "passed",
          "title": "clears saved state from localStorage"
        },
        {
          "ancestorTitles": ["StateRecovery (web platform)"],
          "duration": 0,
          "failureDetails": [],
          "failureMessages": [],
          "fullName": "StateRecovery (web platform) returns null when stored JSON is malformed",
          "invocations": 1,
          "location": null,
          "numPassingAsserts": 1,
          "retryReasons": [],
          "status": "passed",
          "title": "returns null when stored JSON is malformed"
        },
        {
          "ancestorTitles": ["StateRecovery (web platform)"],
          "duration": 0,
          "failureDetails": [],
          "failureMessages": [],
          "fullName": "StateRecovery (web platform) does not throw when clearing an already empty store",
          "invocations": 1,
          "location": null,
          "numPassingAsserts": 1,
          "retryReasons": [],
          "status": "passed",
          "title": "does not throw when clearing an already empty store"
        },
        {
          "ancestorTitles": ["StateRecovery (native platform)"],
          "duration": 0,
          "failureDetails": [],
          "failureMessages": [],
          "fullName": "StateRecovery (native platform) covers the MMKV storage path successfully",
          "invocations": 1,
          "location": null,
          "numPassingAsserts": 4,
          "retryReasons": [],
          "status": "passed",
          "title": "covers the MMKV storage path successfully"
        },
        {
          "ancestorTitles": ["StateRecovery (native platform)"],
          "duration": 1,
          "failureDetails": [],
          "failureMessages": [],
          "fullName": "StateRecovery (native platform) handles native storage initialization and operation errors gracefully",
          "invocations": 1,
          "location": null,
          "numPassingAsserts": 3,
          "retryReasons": [],
          "status": "passed",
          "title": "handles native storage initialization and operation errors gracefully"
        },
        {
          "ancestorTitles": ["StateRecovery (native platform)"],
          "duration": 0,
          "failureDetails": [],
          "failureMessages": [],
          "fullName": "StateRecovery (native platform) handles MMKV import throwing an error during initialization",
          "invocations": 1,
          "location": null,
          "numPassingAsserts": 2,
          "retryReasons": [],
          "status": "passed",
          "title": "handles MMKV import throwing an error during initialization"
        }
      ],
      "endTime": 1780778306501,
      "message": "",
      "name": "/Users/justin.zhang/Desktop/burma/burma-inventory/mobile-web/src/core/utils/stateRecovery.spec.ts",
      "startTime": 1780778306479,
      "status": "passed",
      "summary": ""
    },
    {
      "assertionResults": [
        {
          "ancestorTitles": ["getItemPrice", "Base MMK pricing"],
          "duration": 0,
          "failureDetails": [],
          "failureMessages": [],
          "fullName": "getItemPrice Base MMK pricing returns unitPrice when currency is MMK and no overrides exist",
          "invocations": 1,
          "location": null,
          "numPassingAsserts": 1,
          "retryReasons": [],
          "status": "passed",
          "title": "returns unitPrice when currency is MMK and no overrides exist"
        },
        {
          "ancestorTitles": ["getItemPrice", "Base MMK pricing"],
          "duration": 0,
          "failureDetails": [],
          "failureMessages": [],
          "fullName": "getItemPrice Base MMK pricing returns baseWholesalePrice directly when baseCurrency matches selectedCurrency",
          "invocations": 1,
          "location": null,
          "numPassingAsserts": 1,
          "retryReasons": [],
          "status": "passed",
          "title": "returns baseWholesalePrice directly when baseCurrency matches selectedCurrency"
        },
        {
          "ancestorTitles": ["getItemPrice", "Price book overrides"],
          "duration": 0,
          "failureDetails": [],
          "failureMessages": [],
          "fullName": "getItemPrice Price book overrides applies price book override price in MMK",
          "invocations": 1,
          "location": null,
          "numPassingAsserts": 1,
          "retryReasons": [],
          "status": "passed",
          "title": "applies price book override price in MMK"
        },
        {
          "ancestorTitles": ["getItemPrice", "Price book overrides"],
          "duration": 0,
          "failureDetails": [],
          "failureMessages": [],
          "fullName": "getItemPrice Price book overrides applies price book override with currency match",
          "invocations": 1,
          "location": null,
          "numPassingAsserts": 1,
          "retryReasons": [],
          "status": "passed",
          "title": "applies price book override with currency match"
        },
        {
          "ancestorTitles": ["getItemPrice", "Price book overrides"],
          "duration": 0,
          "failureDetails": [],
          "failureMessages": [],
          "fullName": "getItemPrice Price book overrides ignores price book overrides for other item IDs",
          "invocations": 1,
          "location": null,
          "numPassingAsserts": 1,
          "retryReasons": [],
          "status": "passed",
          "title": "ignores price book overrides for other item IDs"
        },
        {
          "ancestorTitles": ["getItemPrice", "Exchange rate conversion"],
          "duration": 0,
          "failureDetails": [],
          "failureMessages": [],
          "fullName": "getItemPrice Exchange rate conversion converts USD base price to MMK using exchange rates",
          "invocations": 1,
          "location": null,
          "numPassingAsserts": 1,
          "retryReasons": [],
          "status": "passed",
          "title": "converts USD base price to MMK using exchange rates"
        },
        {
          "ancestorTitles": ["getItemPrice", "Exchange rate conversion"],
          "duration": 0,
          "failureDetails": [],
          "failureMessages": [],
          "fullName": "getItemPrice Exchange rate conversion converts from MMK to a target currency using exchange rates",
          "invocations": 1,
          "location": null,
          "numPassingAsserts": 1,
          "retryReasons": [],
          "status": "passed",
          "title": "converts from MMK to a target currency using exchange rates"
        },
        {
          "ancestorTitles": ["getItemPrice", "Exchange rate conversion"],
          "duration": 0,
          "failureDetails": [],
          "failureMessages": [],
          "fullName": "getItemPrice Exchange rate conversion falls back to defaultRateToMmk when no exchange rate is available for target currency",
          "invocations": 1,
          "location": null,
          "numPassingAsserts": 1,
          "retryReasons": [],
          "status": "passed",
          "title": "falls back to defaultRateToMmk when no exchange rate is available for target currency"
        },
        {
          "ancestorTitles": ["getItemPrice", "Exchange rate conversion"],
          "duration": 0,
          "failureDetails": [],
          "failureMessages": [],
          "fullName": "getItemPrice Exchange rate conversion falls back to defaultRateToMmk for THB when no exchange rate is available",
          "invocations": 1,
          "location": null,
          "numPassingAsserts": 1,
          "retryReasons": [],
          "status": "passed",
          "title": "falls back to defaultRateToMmk for THB when no exchange rate is available"
        },
        {
          "ancestorTitles": ["getItemPrice", "Exchange rate conversion"],
          "duration": 0,
          "failureDetails": [],
          "failureMessages": [],
          "fullName": "getItemPrice Exchange rate conversion converts baseCurrency to MMK using currency match in rates list",
          "invocations": 1,
          "location": null,
          "numPassingAsserts": 1,
          "retryReasons": [],
          "status": "passed",
          "title": "converts baseCurrency to MMK using currency match in rates list"
        },
        {
          "ancestorTitles": ["getItemPrice", "Exchange rate conversion"],
          "duration": 0,
          "failureDetails": [],
          "failureMessages": [],
          "fullName": "getItemPrice Exchange rate conversion converts MMK to target currency using currency match rate_to_kyat in rates list",
          "invocations": 1,
          "location": null,
          "numPassingAsserts": 1,
          "retryReasons": [],
          "status": "passed",
          "title": "converts MMK to target currency using currency match rate_to_kyat in rates list"
        },
        {
          "ancestorTitles": ["getItemPrice", "Exchange rate conversion"],
          "duration": 0,
          "failureDetails": [],
          "failureMessages": [],
          "fullName": "getItemPrice Exchange rate conversion returns MMK price when target currency is unknown and has no rates",
          "invocations": 1,
          "location": null,
          "numPassingAsserts": 1,
          "retryReasons": [],
          "status": "passed",
          "title": "returns MMK price when target currency is unknown and has no rates"
        },
        {
          "ancestorTitles": ["getItemPrice", "Exchange rate conversion"],
          "duration": 0,
          "failureDetails": [],
          "failureMessages": [],
          "fullName": "getItemPrice Exchange rate conversion converts baseCurrency to MMK using currency property fallback with rate",
          "invocations": 1,
          "location": null,
          "numPassingAsserts": 1,
          "retryReasons": [],
          "status": "passed",
          "title": "converts baseCurrency to MMK using currency property fallback with rate"
        },
        {
          "ancestorTitles": ["getItemPrice", "Exchange rate conversion"],
          "duration": 0,
          "failureDetails": [],
          "failureMessages": [],
          "fullName": "getItemPrice Exchange rate conversion converts baseCurrency to MMK with rate multiplier <= 0 returning basePrice",
          "invocations": 1,
          "location": null,
          "numPassingAsserts": 1,
          "retryReasons": [],
          "status": "passed",
          "title": "converts baseCurrency to MMK with rate multiplier <= 0 returning basePrice"
        },
        {
          "ancestorTitles": ["getItemPrice", "Exchange rate conversion"],
          "duration": 0,
          "failureDetails": [],
          "failureMessages": [],
          "fullName": "getItemPrice Exchange rate conversion converts MMK to target currency using from_currency property fallback with rate",
          "invocations": 1,
          "location": null,
          "numPassingAsserts": 1,
          "retryReasons": [],
          "status": "passed",
          "title": "converts MMK to target currency using from_currency property fallback with rate"
        },
        {
          "ancestorTitles": ["getItemPrice", "Exchange rate conversion"],
          "duration": 1,
          "failureDetails": [],
          "failureMessages": [],
          "fullName": "getItemPrice Exchange rate conversion converts MMK to target currency with rate multiplier <= 0 falling back to default",
          "invocations": 1,
          "location": null,
          "numPassingAsserts": 1,
          "retryReasons": [],
          "status": "passed",
          "title": "converts MMK to target currency with rate multiplier <= 0 falling back to default"
        }
      ],
      "endTime": 1780778306524,
      "message": "",
      "name": "/Users/justin.zhang/Desktop/burma/burma-inventory/mobile-web/src/core/utils/pricing.spec.ts",
      "startTime": 1780778306502,
      "status": "passed",
      "summary": ""
    },
    {
      "assertionResults": [
        {
          "ancestorTitles": ["trpcClient headers propagation"],
          "duration": 0,
          "failureDetails": [],
          "failureMessages": [],
          "fullName": "trpcClient headers propagation initializes trpcClient with links interceptor",
          "invocations": 1,
          "location": null,
          "numPassingAsserts": 2,
          "retryReasons": [],
          "status": "passed",
          "title": "initializes trpcClient with links interceptor"
        },
        {
          "ancestorTitles": ["trpcClient headers propagation"],
          "duration": 0,
          "failureDetails": [],
          "failureMessages": [],
          "fullName": "trpcClient headers propagation propagates traceId from active session and latest audit hash chain",
          "invocations": 1,
          "location": null,
          "numPassingAsserts": 1,
          "retryReasons": [],
          "status": "passed",
          "title": "propagates traceId from active session and latest audit hash chain"
        },
        {
          "ancestorTitles": ["trpcClient headers propagation"],
          "duration": 0,
          "failureDetails": [],
          "failureMessages": [],
          "fullName": "trpcClient headers propagation falls back to recovery activeTabId when active session traceId is missing",
          "invocations": 1,
          "location": null,
[...]
          "numPassingAsserts": 2,
          "retryReasons": [],
          "status": "passed",
          "title": "blocks a duplicate barcode scan inside the throttle window"
        },
        {
          "ancestorTitles": ["ScannerThrottle"],
          "duration": 0,
          "failureDetails": [],
          "failureMessages": [],
          "fullName": "ScannerThrottle allows a different barcode scan immediately",
          "invocations": 1,
          "location": null,
          "numPassingAsserts": 1,
          "retryReasons": [],
          "status": "passed",
          "title": "allows a different barcode scan immediately"
        },
        {
          "ancestorTitles": ["ScannerThrottle"],
          "duration": 0,
          "failureDetails": [],
          "failureMessages": [],
          "fullName": "ScannerThrottle handles empty barcodes by returning false without updating state",
          "invocations": 1,
          "location": null,
          "numPassingAsserts": 1,
          "retryReasons": [],
          "status": "passed",
          "title": "handles empty barcodes by returning false without updating state"
        },
        {
          "ancestorTitles": ["ScannerThrottle"],
          "duration": 0,
          "failureDetails": [],
          "failureMessages": [],
          "fullName": "ScannerThrottle handles custom translation function and triggers alert",
          "invocations": 1,
          "location": null,
          "numPassingAsserts": 2,
          "retryReasons": [],
          "status": "passed",
          "title": "handles custom translation function and triggers alert"
        },
        {
          "ancestorTitles": ["ScannerThrottle"],
          "duration": 0,
          "failureDetails": [],
          "failureMessages": [],
          "fullName": "ScannerThrottle handles audio context creation exception",
          "invocations": 1,
          "location": null,
          "numPassingAsserts": 1,
          "retryReasons": [],
          "status": "passed",
          "title": "handles audio context creation exception"
        }
      ],
      "endTime": 1780778306572,
      "message": "",
      "name": "/Users/justin.zhang/Desktop/burma/burma-inventory/mobile-web/src/core/utils/ScannerThrottle.spec.ts",
      "startTime": 1780778306552,
      "status": "passed",
      "summary": ""
    },
    {
      "assertionResults": [
        {
          "ancestorTitles": [
            "checkDiscrepancy",
            "Heuristic 1: trigger-word matching"
          ],
          "duration": 0,
          "failureDetails": [],
          "failureMessages": [],
          "fullName": "checkDiscrepancy Heuristic 1: trigger-word matching reports discrepancy when all trigger words match but quantity differs from target",
          "invocations": 1,
          "location": null,
          "numPassingAsserts": 1,
          "retryReasons": [],
          "status": "passed",
          "title": "reports discrepancy when all trigger words match but quantity differs from target"
        },
        {
          "ancestorTitles": [
            "checkDiscrepancy",
            "Heuristic 1: trigger-word matching"
          ],
          "duration": 1,
          "failureDetails": [],
          "failureMessages": [],
          "fullName": "checkDiscrepancy Heuristic 1: trigger-word matching reports no discrepancy when trigger words match and quantity equals target",
          "invocations": 1,
          "location": null,
          "numPassingAsserts": 1,
          "retryReasons": [],
          "status": "passed",
          "title": "reports no discrepancy when trigger words match and quantity equals target"
        },
        {
          "ancestorTitles": [
            "checkDiscrepancy",
            "Heuristic 1: trigger-word matching"
          ],
          "duration": 0,
          "failureDetails": [],
          "failureMessages": [],
          "fullName": "checkDiscrepancy Heuristic 1: trigger-word matching reports discrepancy when trigger fires but item name and sku do not match",
          "invocations": 1,
          "location": null,
          "numPassingAsserts": 1,
          "retryReasons": [],
          "status": "passed",
          "title": "reports discrepancy when trigger fires but item name and sku do not match"
        },
        {
          "ancestorTitles": [
            "checkDiscrepancy",
            "Heuristic 1: trigger-word matching"
          ],
          "duration": 0,
          "failureDetails": [],
          "failureMessages": [],
          "fullName": "checkDiscrepancy Heuristic 1: trigger-word matching reports discrepancy when trigger fires but item count != 1",
          "invocations": 1,
          "location": null,
          "numPassingAsserts": 1,
          "retryReasons": [],
          "status": "passed",
          "title": "reports discrepancy when trigger fires but item count != 1"
        },
        {
          "ancestorTitles": [
            "checkDiscrepancy",
            "Heuristic 2: general quantity matching in OCR text"
          ],
          "duration": 0,
          "failureDetails": [],
          "failureMessages": [],
          "fullName": "checkDiscrepancy Heuristic 2: general quantity matching in OCR text reports no discrepancy when total quantity appears in OCR text",
          "invocations": 1,
          "location": null,
          "numPassingAsserts": 1,
          "retryReasons": [],
          "status": "passed",
          "title": "reports no discrepancy when total quantity appears in OCR text"
        },
        {
          "ancestorTitles": [
            "checkDiscrepancy",
            "Heuristic 2: general quantity matching in OCR text"
          ],
          "duration": 0,
          "failureDetails": [],
          "failureMessages": [],
          "fullName": "checkDiscrepancy Heuristic 2: general quantity matching in OCR text reports discrepancy when OCR quantity does not match total selected quantity",
          "invocations": 1,
          "location": null,
          "numPassingAsserts": 1,
          "retryReasons": [],
          "status": "passed",
          "title": "reports discrepancy when OCR quantity does not match total selected quantity"
        },
        {
          "ancestorTitles": [
            "checkDiscrepancy",
            "Heuristic 2: general quantity matching in OCR text"
          ],
          "duration": 0,
          "failureDetails": [],
          "failureMessages": [],
          "fullName": "checkDiscrepancy Heuristic 2: general quantity matching in OCR text reports discrepancy when total quantity of multiple items differs from OCR",
          "invocations": 1,
          "location": null,
          "numPassingAsserts": 2,
          "retryReasons": [],
          "status": "passed",
          "title": "reports discrepancy when total quantity of multiple items differs from OCR"
        },
        {
          "ancestorTitles": ["checkDiscrepancy", "Edge cases"],
          "duration": 0,
          "failureDetails": [],
          "failureMessages": [],
          "fullName": "checkDiscrepancy Edge cases reports discrepancy when items are non-empty but OCR text is empty",
          "invocations": 1,
          "location": null,
          "numPassingAsserts": 1,
          "retryReasons": [],
          "status": "passed",
          "title": "reports discrepancy when items are non-empty but OCR text is empty"
        },
        {
          "ancestorTitles": ["checkDiscrepancy", "Edge cases"],
          "duration": 0,
          "failureDetails": [],
          "failureMessages": [],
          "fullName": "checkDiscrepancy Edge cases returns false when both items list and OCR text are empty",
          "invocations": 1,
          "location": null,
          "numPassingAsserts": 1,
          "retryReasons": [],
          "status": "passed",
          "title": "returns false when both items list and OCR text are empty"
        },
        {
          "ancestorTitles": ["checkDiscrepancy", "Edge cases"],
          "duration": 0,
          "failureDetails": [],
          "failureMessages": [],
          "fullName": "checkDiscrepancy Edge cases returns false when OCR has text but no items are selected",
          "invocations": 1,
          "location": null,
          "numPassingAsserts": 1,
          "retryReasons": [],
          "status": "passed",
          "title": "returns false when OCR has text but no items are selected"
        },
        {
          "ancestorTitles": ["checkDiscrepancy", "Edge cases"],
          "duration": 0,
          "failureDetails": [],
          "failureMessages": [],
          "fullName": "checkDiscrepancy Edge cases supports string quantity parsing in Heuristic 1 and 2",
          "invocations": 1,
          "location": null,
          "numPassingAsserts": 3,
          "retryReasons": [],
          "status": "passed",
          "title": "supports string quantity parsing in Heuristic 1 and 2"
        }
      ],
      "endTime": 1780778306593,
      "message": "",
      "name": "/Users/justin.zhang/Desktop/burma/burma-inventory/mobile-web/src/core/utils/ocr.spec.ts",
      "startTime": 1780778306574,
      "status": "passed",
      "summary": ""
    },
    {
      "assertionResults": [
        {
          "ancestorTitles": ["locationCache"],
          "duration": 2,
          "failureDetails": [],
          "failureMessages": [],
          "fullName": "locationCache should call Location.getCurrentPositionAsync when cache is empty",
          "invocations": 1,
          "location": null,
          "numPassingAsserts": 3,
          "retryReasons": [],
          "status": "passed",
          "title": "should call Location.getCurrentPositionAsync when cache is empty"
        },
        {
          "ancestorTitles": ["locationCache"],
          "duration": 2,
          "failureDetails": [],
          "failureMessages": [],
          "fullName": "locationCache should return cached coordinates on subsequent calls within 5 minutes",
          "invocations": 1,
          "location": null,
          "numPassingAsserts": 4,
          "retryReasons": [],
          "status": "passed",
          "title": "should return cached coordinates on subsequent calls within 5 minutes"
        },
        {
          "ancestorTitles": ["locationCache"],
          "duration": 0,
          "failureDetails": [],
          "failureMessages": [],
          "fullName": "locationCache should fetch fresh location after cache expires (5 minutes)",
          "invocations": 1,
          "location": null,
          "numPassingAsserts": 2,
          "retryReasons": [],
          "status": "passed",
          "title": "should fetch fresh location after cache expires (5 minutes)"
        },
        {
          "ancestorTitles": ["locationCache"],
          "duration": 0,
          "failureDetails": [],
          "failureMessages": [],
          "fullName": "locationCache should force a fresh fetch if cache is cleared manually",
          "invocations": 1,
          "location": null,
          "numPassingAsserts": 2,
          "retryReasons": [],
          "status": "passed",
          "title": "should force a fresh fetch if cache is cleared manually"
        }
      ],
      "endTime": 1780778306618,
      "message": "",
      "name": "/Users/justin.zhang/Desktop/burma/burma-inventory/mobile-web/src/core/utils/locationCache.spec.ts",
      "startTime": 1780778306595,
      "status": "passed",
      "summary": ""
    },
    {
      "assertionResults": [
        {
          "ancestorTitles": ["geo", "calculateDistance"],
          "duration": 1,
          "failureDetails": [],
          "failureMessages": [],
          "fullName": "geo calculateDistance should return 0 when the coordinates are identical",
          "invocations": 1,
          "location": null,
          "numPassingAsserts": 1,
          "retryReasons": [],
          "status": "passed",
          "title": "should return 0 when the coordinates are identical"
        },
        {
          "ancestorTitles": ["geo", "calculateDistance"],
          "duration": 0,
          "failureDetails": [],
          "failureMessages": [],
          "fullName": "geo calculateDistance should calculate the correct distance between two known points in Yangon",
          "invocations": 1,
          "location": null,
          "numPassingAsserts": 2,
          "retryReasons": [],
          "status": "passed",
          "title": "should calculate the correct distance between two known points in Yangon"
        },
        {
          "ancestorTitles": ["geo", "calculateDistance"],
          "duration": 0,
          "failureDetails": [],
          "failureMessages": [],
          "fullName": "geo calculateDistance should behave symmetrically when swapping the coordinate parameters",
          "invocations": 1,
          "location": null,
          "numPassingAsserts": 1,
          "retryReasons": [],
          "status": "passed",
          "title": "should behave symmetrically when swapping the coordinate parameters"
        }
      ],
      "endTime": 1780778306641,
      "message": "",
      "name": "/Users/justin.zhang/Desktop/burma/burma-inventory/mobile-web/src/core/utils/geo.spec.ts",
      "startTime": 1780778306623,
      "status": "passed",
      "summary": ""
    },
    {
      "assertionResults": [
        {
          "ancestorTitles": ["sha256 (custom implementation)"],
          "duration": 0,
          "failureDetails": [],
          "failureMessages": [],
          "fullName": "sha256 (custom implementation) produces a 64-character hex string for an empty input",
          "invocations": 1,
          "location": null,
          "numPassingAsserts": 2,
          "retryReasons": [],
          "status": "passed",
          "title": "produces a 64-character hex string for an empty input"
        },
        {
          "ancestorTitles": ["sha256 (custom implementation)"],
          "duration": 0,
          "failureDetails": [],
          "failureMessages": [],
          "fullName": "sha256 (custom implementation) produces a consistent hash for a known input",
          "invocations": 1,
          "location": null,
          "numPassingAsserts": 1,
          "retryReasons": [],
          "status": "passed",
          "title": "produces a consistent hash for a known input"
        },
        {
          "ancestorTitles": ["sha256 (custom implementation)"],
          "duration": 0,
          "failureDetails": [],
          "failureMessages": [],
          "fullName": "sha256 (custom implementation) produces a consistent hash for \"hello world\"",
          "invocations": 1,
          "location": null,
          "numPassingAsserts": 1,
          "retryReasons": [],
          "status": "passed",
          "title": "produces a consistent hash for \"hello world\""
        },
        {
          "ancestorTitles": ["sha256 (custom implementation)"],
          "duration": 0,
          "failureDetails": [],
          "failureMessages": [],
          "fullName": "sha256 (custom implementation) produces a different hash for different inputs",
          "invocations": 1,
          "location": null,
          "numPassingAsserts": 1,
          "retryReasons": [],
          "status": "passed",
          "title": "produces a different hash for different inputs"
        },
        {
          "ancestorTitles": ["sha256 (custom implementation)"],
          "duration": 0,
          "failureDetails": [],
          "failureMessages": [],
          "fullName": "sha256 (custom implementation) is deterministic — same input always gives same output",
          "invocations": 1,
          "location": null,
          "numPassingAsserts": 1,
          "retryReasons": [],
          "status": "passed",
          "title": "is deterministic — same input always gives same output"
        },
        {
          "ancestorTitles": ["sha256 (custom implementation)"],
          "duration": 0,
          "failureDetails": [],
          "failureMessages": [],
          "fullName": "sha256 (custom implementation) handles unicode and Burmese script without throwing",
          "invocations": 1,
          "location": null,
          "numPassingAsserts": 2,
          "retryReasons": [],
          "status": "passed",
          "title": "handles unicode and Burmese script without throwing"
        },
        {
          "ancestorTitles": ["sha256 (custom implementation)"],
          "duration": 2,
          "failureDetails": [],
          "failureMessages": [],
          "fullName": "sha256 (custom implementation) handles long strings without errors",
          "invocations": 1,
          "location": null,
          "numPassingAsserts": 1,
          "retryReasons": [],
          "status": "passed",
          "title": "handles long strings without errors"
        }
      ],
      "endTime": 1780778306666,
      "message": "",
      "name": "/Users/justin.zhang/Desktop/burma/burma-inventory/mobile-web/src/core/utils/crypto.spec.ts",
      "startTime": 1780778306645,
      "status": "passed",
      "summary": ""
    },
    {
      "assertionResults": [
        {
          "ancestorTitles": ["appConfig getApiBaseUrl"],
          "duration": 0,
          "failureDetails": [],
          "failureMessages": [],
          "fullName": "appConfig getApiBaseUrl uses default API base URL when no env variable is defined",
          "invocations": 1,
          "location": null,
          "numPassingAsserts": 1,
          "retryReasons": [],
          "status": "passed",
          "title": "uses default API base URL when no env variable is defined"
        },
        {
          "ancestorTitles": ["appConfig getApiBaseUrl"],
          "duration": 1,
          "failureDetails": [],
          "failureMessages": [],
          "fullName": "appConfig getApiBaseUrl uses SYNC_API_URL and strips trailing /sync if present",
          "invocations": 1,
          "location": null,
          "numPassingAsserts": 1,
          "retryReasons": [],
          "status": "passed",
          "title": "uses SYNC_API_URL and strips trailing /sync if present"
        },
        {
          "ancestorTitles": ["appConfig getApiBaseUrl"],
          "duration": 0,
          "failureDetails": [],
          "failureMessages": [],
          "fullName": "appConfig getApiBaseUrl uses SYNC_API_URL without stripping if it does not end with /sync",
          "invocations": 1,
          "location": null,
          "numPassingAsserts": 1,
          "retryReasons": [],
          "status": "passed",
          "title": "uses SYNC_API_URL without stripping if it does not end with /sync"
        },
        {
          "ancestorTitles": ["appConfig helper functions"],
          "duration": 0,
          "failureDetails": [],
          "failureMessages": [],
          "fullName": "appConfig helper functions getRepresentativeName returns rep name if found, or repId if not found",
          "invocations": 1,
          "location": null,
          "numPassingAsserts": 2,
          "retryReasons": [],
          "status": "passed",
          "title": "getRepresentativeName returns rep name if found, or repId if not found"
        },
        {
          "ancestorTitles": ["appConfig helper functions"],
          "duration": 0,
          "failureDetails": [],
          "failureMessages": [],
          "fullName": "appConfig helper functions getLogTypeLabel returns Viber or translates or replaces underscore",
          "invocations": 1,
          "location": null,
          "numPassingAsserts": 3,
          "retryReasons": [],
          "status": "passed",
          "title": "getLogTypeLabel returns Viber or translates or replaces underscore"
        }
      ],
      "endTime": 1780778306687,
      "message": "",
      "name": "/Users/justin.zhang/Desktop/burma/burma-inventory/mobile-web/src/config/appConfig.spec.ts",
      "startTime": 1780778306668,
      "status": "passed",
      "summary": ""
    }
  ],
  "wasInterrupted": false
}
